D:\ASP\CLIENTMFC\CLIENTMFC\DEBUG\CLIENTMFC.PCH
D:\ASP\CLIENTMFC\CLIENTMFC\DEBUG\STDAFX.OBJ
D:\ASP\CLIENTMFC\CLIENTMFC\DEBUG\VC110.PDB
D:\ASP\CLIENTMFC\CLIENTMFC\DEBUG\CLIENTMFC.OBJ
D:\ASP\CLIENTMFC\CLIENTMFC\DEBUG\CLIENTMFCDLG.OBJ
D:\ASP\CLIENTMFC\DEBUG\CLIENTMFC.ILK
D:\ASP\CLIENTMFC\DEBUG\CLIENTMFC.EXE
D:\ASP\CLIENTMFC\DEBUG\CLIENTMFC.PDB
D:\ASP\CLIENTMFC\CLIENTMFC\DEBUG\CLIENTMFC.RES
D:\asp\ClientMFC\ClientMFC\Debug\ClientMFC.obj
D:\asp\ClientMFC\ClientMFC\Debug\ClientMFCDlg.obj
D:\asp\ClientMFC\ClientMFC\Debug\stdafx.obj
D:\asp\ClientMFC\ClientMFC\Debug\cl.command.1.tlog
D:\asp\ClientMFC\ClientMFC\Debug\CL.read.1.tlog
D:\asp\ClientMFC\ClientMFC\Debug\CL.write.1.tlog
D:\asp\ClientMFC\ClientMFC\Debug\link-cvtres.read.1.tlog
D:\asp\ClientMFC\ClientMFC\Debug\link-cvtres.write.1.tlog
D:\asp\ClientMFC\ClientMFC\Debug\link-mt.read.1.tlog
D:\asp\ClientMFC\ClientMFC\Debug\link-mt.write.1.tlog
D:\asp\ClientMFC\ClientMFC\Debug\link-rc.read.1.tlog
D:\asp\ClientMFC\ClientMFC\Debug\link-rc.write.1.tlog
D:\asp\ClientMFC\ClientMFC\Debug\link.command.1.tlog
D:\asp\ClientMFC\ClientMFC\Debug\link.read.1.tlog
D:\asp\ClientMFC\ClientMFC\Debug\link.write.1.tlog
D:\asp\ClientMFC\ClientMFC\Debug\rc.command.1.tlog
D:\asp\ClientMFC\ClientMFC\Debug\rc.read.1.tlog
D:\asp\ClientMFC\ClientMFC\Debug\rc.write.1.tlog
D:\asp\ClientMFC\ClientMFC\Debug\ClientMFC.res
D:\asp\ClientMFC\ClientMFC\Debug\ClientMFC.pch
D:\asp\ClientMFC\ClientMFC\Debug\vc110.idb
D:\asp\ClientMFC\ClientMFC\Debug\vc110.pdb
D:\asp\ClientMFC\Debug\ClientMFC.pdb
D:\asp\ClientMFC\Debug\ClientMFC.exe
D:\asp\ClientMFC\Debug\ClientMFC.ilk
